dir: /azzzz_220224 22.02.2024
file: /azzzz_220224/azzzz_220224.az 22.02.2024 3Mb
dir: /azzzzz_220224 22.02.2024
file: /azzzzz_220224/azzzz_220224.az 22.02.2024 3Mb
dir: /azzzzzz_220224 22.02.2024
file: /azzzzzz_220224/azzzz_220224.az 22.02.2024 3Mb
file: /azzzzzz_220224/azzzzz_220224.az 22.02.2024 3Mb
file: /azzzzzz_220224/azzzzzz_220224.az 22.02.2024 3Mb
file: /azzzzzz_220224/azzzzzzz_220224.az 22.02.2024 3Mb
file: /azzzzzz_220224/azzzzzzzz_220224.az 22.02.2024 3Mb
dir: /azzzzzzz_220224 22.02.2024
file: /azzzzzzz_220224/azzzz_220224.az 22.02.2024 3Mb
file: /azzzzzzz_220224/azzzzz_220224.az 22.02.2024 3Mb
file: /azzzzzzz_220224/azzzzzz_220224.az 22.02.2024 3Mb
file: /azzzzzzz_220224/azzzzzzz_220224.az 22.02.2024 3Mb
file: /azzzzzzz_220224/azzzzzzzz_220224.az 22.02.2024 3Mb
dir: /azzzzzzzz_220224 22.02.2024
file: /azzzzzzzz_220224/azzzz_220224.az 22.02.2024 3Mb
file: /azzzzzzzz_220224/azzzzz_220224.az 22.02.2024 3Mb
dir: /azzzzzzzzz_220224 22.02.2024
dir: /azzzzzzzzzz_220224 22.02.2024
file: /azzzzzzzzzz_220224/azzzz_220224.az 22.02.2024 3Mb
file: /azzzzzzzzzz_220224/azzzzz_220224.az 22.02.2024 3Mb
file: /azzzzzzzzzz_220224/azzzzzz_220224.az 22.02.2024 3Mb
dir: /azzzzzzzzzzz_220224 22.02.2024
file: /azzzzzzzzzzz_220224/azzzz_220224.az 22.02.2024 3Mb
dir: /azzzzzzzzzzzz_220224 22.02.2024
file: /azzzzzzzzzzzz_220224/azzzz_220224.az 22.02.2024 3Mb
file: /azzzzzzzzzzzz_220224/azzzzz_220224.az 22.02.2024 3Mb
file: /azzzzzzzzzzzz_220224/azzzzzz_220224.az 22.02.2024 3Mb
file: /azzzzzzzzzzzz_220224/azzzzzzz_220224.az 22.02.2024 3Mb
dir: /azzzzzzzzzzzzz_220224 22.02.2024
file: /azzzzzzzzzzzzz_220224/azzzz_220224.az 22.02.2024 3Mb
file: /azzzzzzzzzzzzz_220224/azzzzz_220224.az 22.02.2024 3Mb
file: /azzzzzzzzzzzzz_220224/azzzzzz_220224.az 22.02.2024 3Mb
dir: /azzzzzzzzzzzzzz_220224 22.02.2024
file: /azzzzzzzzzzzzzz_220224/azzzz_220224.az 22.02.2024 3Mb
file: /azzzzzzzzzzzzzz_220224/azzzzz_220224.az 22.02.2024 3Mb
file: /azzzzzzzzzzzzzz_220224/azzzzzz_220224.az 22.02.2024 3Mb
file: /azzzzzzzzzzzzzz_220224/azzzzzzz_220224.az 22.02.2024 3Mb
file: /azzzzzzzzzzzzzz_220224/azzzzzzzz_220224.az 22.02.2024 3Mb
dir: /azzzzzzzzzzzzzzz_220224 22.02.2024
file: /azzzzzzzzzzzzzzz_220224/azzzz_220224.az 22.02.2024 3Mb
file: /azzzzzzzzzzzzzzz_220224/azzzzz_220224.az 22.02.2024 3Mb
file: /azzzzzzzzzzzzzzz_220224/azzzzzz_220224.az 22.02.2024 3Mb
file: /azzzzzzzzzzzzzzz_220224/azzzzzzz_220224.az 22.02.2024 3Mb
dir: /azzzzzzzzzzzzzzzz_220224 22.02.2024
file: /azzzzzzzzzzzzzzzz_220224/azzzz_220224.az 22.02.2024 3Mb
file: /azzzzzzzzzzzzzzzz_220224/azzzzz_220224.az 22.02.2024 3Mb
file: /azzzzzzzzzzzzzzzz_220224/azzzzzz_220224.az 22.02.2024 3Mb
file: /azzzzzzzzzzzzzzzz_220224/azzzzzzz_220224.az 22.02.2024 3Mb
file: /azzzzzzzzzzzzzzzz_220224/azzzzzzzz_220224.az 22.02.2024 3Mb
dir: /azzzzzzzzzzzzzzzzz_220224 22.02.2024
file: /azzzzzzzzzzzzzzzzz_220224/azzzz_220224.az 22.02.2024 3Mb
file: /azzzzzzzzzzzzzzzzz_220224/azzzzz_220224.az 22.02.2024 3Mb
dir: /azzzzzzzzzzzzzzzzzz_220224 22.02.2024
file: /azzzzzzzzzzzzzzzzzz_220224/azzzz_220224.az 22.02.2024 3Mb
file: /azzzzzzzzzzzzzzzzzz_220224/azzzzz_220224.az 22.02.2024 3Mb
file: /azzzzzzzzzzzzzzzzzz_220224/azzzzzz_220224.az 22.02.2024 3Mb
file: /azzzzzzzzzzzzzzzzzz_220224/azzzzzzz_220224.az 22.02.2024 3Mb
dir: /azzzzzzzzzzzzzzzzzzz_220224 22.02.2024
dir: /azzzzzzzzzzzzzzzzzzzz_220224 22.02.2024
file: /azzzzzzzzzzzzzzzzzzzz_220224/azzzz_220224.az 22.02.2024 3Mb
file: /azzzzzzzzzzzzzzzzzzzz_220224/azzzzz_220224.az 22.02.2024 3Mb
file: /azzzzzzzzzzzzzzzzzzzz_220224/azzzzzz_220224.az 22.02.2024 3Mb
file: /azzzzzzzzzzzzzzzzzzzz_220224/azzzzzzz_220224.az 22.02.2024 3Mb
file: /azzzzzzzzzzzzzzzzzzzz_220224/azzzzzzzz_220224.az 22.02.2024 3Mb
dir: /azzzzzzzzzzzzzzzzzzzzz_220224 22.02.2024
file: /azzzzzzzzzzzzzzzzzzzzz_220224/azzzz_220224.az 22.02.2024 3Mb
file: /azzzzzzzzzzzzzzzzzzzzz_220224/azzzzz_220224.az 22.02.2024 3Mb
dir: /azzzzzzzzzzzzzzzzzzzzzz_220224 22.02.2024
file: /azzzzzzzzzzzzzzzzzzzzzz_220224/azzzz_220224.az 22.02.2024 3Mb
dir: /azzzzzzzzzzzzzzzzzzzzzzz_220224 22.02.2024
file: /azzzzzzzzzzzzzzzzzzzzzzz_220224/azzzz_220224.az 22.02.2024 3Mb
dir: /azzzzzzzzzzzzzzzzzzzzzzzz_220224 22.02.2024
dir: /azzzzzzzzzzzzzzzzzzzzzzzzz_220224 22.02.2024
file: /azzzzzzzzzzzzzzzzzzzzzzzzz_220224/azzzz_220224.az 22.02.2024 3Mb
file: /azzzzzzzzzzzzzzzzzzzzzzzzz_220224/azzzzz_220224.az 22.02.2024 3Mb
file: /azzzzzzzzzzzzzzzzzzzzzzzzz_220224/azzzzzz_220224.az 22.02.2024 3Mb
file: /azzzzzzzzzzzzzzzzzzzzzzzzz_220224/azzzzzzz_220224.az 22.02.2024 3Mb
file: /azzzzzzzzzzzzzzzzzzzzzzzzz_220224/azzzzzzzz_220224.az 22.02.2024 3Mb
dir: /azzzzzzzzzzzzzzzzzzzzzzzzzz_220224 22.02.2024
file: /azzzzzzzzzzzzzzzzzzzzzzzzzz_220224/azzzz_220224.az 22.02.2024 3Mb
file: /azzzzzzzzzzzzzzzzzzzzzzzzzz_220224/azzzzz_220224.az 22.02.2024 3Mb
file: /azzzzzzzzzzzzzzzzzzzzzzzzzz_220224/azzzzzz_220224.az 22.02.2024 3Mb
file: /azzzzzzzzzzzzzzzzzzzzzzzzzz_220224/azzzzzzz_220224.az 22.02.2024 3Mb
file: /azzzzzzzzzzzzzzzzzzzzzzzzzz_220224/azzzzzzzz_220224.az 22.02.2024 3Mb
file: /azzzzzzzzzzzzzzzzzzzzzzzzzz_220224/azzzzzzzzz_220224.az 22.02.2024 3Mb
dir: /azzzzzzzzzzzzzzzzzzzzzzzzzzz_220224 22.02.2024
file: /azzzzzzzzzzzzzzzzzzzzzzzzzzz_220224/azzzz_220224.az 22.02.2024 3Mb
dir: /azzzzzzzzzzzzzzzzzzzzzzzzzzzz_220224 22.02.2024
file: /azzzzzzzzzzzzzzzzzzzzzzzzzzzz_220224/azzzz_220224.az 22.02.2024 3Mb
file: /azzzzzzzzzzzzzzzzzzzzzzzzzzzz_220224/azzzzz_220224.az 22.02.2024 3Mb
dir: /azzzzzzzzzzzzzzzzzzzzzzzzzzzzz_220224 22.02.2024
file: /azzzzzzzzzzzzzzzzzzzzzzzzzzzzz_220224/azzzz_220224.az 22.02.2024 3Mb
file: /azzzzzzzzzzzzzzzzzzzzzzzzzzzzz_220224/azzzzz_220224.az 22.02.2024 3Mb
file: /azzzzzzzzzzzzzzzzzzzzzzzzzzzzz_220224/azzzzzz_220224.az 22.02.2024 3Mb
file: /azzzzzzzzzzzzzzzzzzzzzzzzzzzzz_220224/azzzzzzz_220224.az 22.02.2024 3Mb
dir: /azzzzzzzzzzzzzzzzzzzzzzzzzzzzzz_220224 22.02.2024
dir: /azzzzzzzzzzzzzzzzzzzzzzzzzzzzzzz_220224 22.02.2024
dir: /azzzzzzzzzzzzzzzzzzzzzzzzzzzzzzzz_220224 22.02.2024
file: /azzzzzzzzzzzzzzzzzzzzzzzzzzzzzzzz_220224/azzzz_220224.az 22.02.2024 3Mb
file: /azzzzzzzzzzzzzzzzzzzzzzzzzzzzzzzz_220224/azzzzz_220224.az 22.02.2024 3Mb
dir: /azzzzzzzzzzzzzzzzzzzzzzzzzzzzzzzzz_220224 22.02.2024
file: /azzzzzzzzzzzzzzzzzzzzzzzzzzzzzzzzz_220224/azzzz_220224.az 22.02.2024 3Mb
file: /azzzzzzzzzzzzzzzzzzzzzzzzzzzzzzzzz_220224/azzzzz_220224.az 22.02.2024 3Mb
file: /azzzzzzzzzzzzzzzzzzzzzzzzzzzzzzzzz_220224/azzzzzz_220224.az 22.02.2024 3Mb
dir: /azzzzzzzzzzzzzzzzzzzzzzzzzzzzzzzzzz_220224 22.02.2024
file: /azzzzzzzzzzzzzzzzzzzzzzzzzzzzzzzzzz_220224/azzzz_220224.az 22.02.2024 3Mb
file: /azzzzzzzzzzzzzzzzzzzzzzzzzzzzzzzzzz_220224/azzzzz_220224.az 22.02.2024 3Mb
file: /azzzzzzzzzzzzzzzzzzzzzzzzzzzzzzzzzz_220224/azzzzzz_220224.az 22.02.2024 3Mb
dir: /azzzzzzzzzzzzzzzzzzzzzzzzzzzzzzzzzzz_220224 22.02.2024
file: /azzzzzzzzzzzzzzzzzzzzzzzzzzzzzzzzzzz_220224/azzzz_220224.az 22.02.2024 3Mb
file: /azzzzzzzzzzzzzzzzzzzzzzzzzzzzzzzzzzz_220224/azzzzz_220224.az 22.02.2024 3Mb
dir: /azzzzzzzzzzzzzzzzzzzzzzzzzzzzzzzzzzzz_220224 22.02.2024
file: /azzzzzzzzzzzzzzzzzzzzzzzzzzzzzzzzzzzz_220224/azzzz_220224.az 22.02.2024 3Mb
dir: /azzzzzzzzzzzzzzzzzzzzzzzzzzzzzzzzzzzzz_220224 22.02.2024
file: /azzzzzzzzzzzzzzzzzzzzzzzzzzzzzzzzzzzzz_220224/azzzz_220224.az 22.02.2024 3Mb
dir: /azzzzzzzzzzzzzzzzzzzzzzzzzzzzzzzzzzzzzz_220224 22.02.2024
file: /azzzzzzzzzzzzzzzzzzzzzzzzzzzzzzzzzzzzzz_220224/azzzz_220224.az 22.02.2024 3Mb
file: /azzzzzzzzzzzzzzzzzzzzzzzzzzzzzzzzzzzzzz_220224/azzzzz_220224.az 22.02.2024 3Mb
file: /azzzzzzzzzzzzzzzzzzzzzzzzzzzzzzzzzzzzzz_220224/azzzzzz_220224.az 22.02.2024 3Mb
file: /azzzzzzzzzzzzzzzzzzzzzzzzzzzzzzzzzzzzzz_220224/azzzzzzz_220224.az 22.02.2024 3Mb
file: /azzzzzzzzzzzzzzzzzzzzzzzzzzzzzzzzzzzzzz_220224/azzzzzzzz_220224.az 22.02.2024 3Mb
dir: /azzzzzzzzzzzzzzzzzzzzzzzzzzzzzzzzzzzzzzz_220224 22.02.2024
file: /azzzzzzzzzzzzzzzzzzzzzzzzzzzzzzzzzzzzzzz_220224/azzzz_220224.az 22.02.2024 3Mb
file: /azzzzzzzzzzzzzzzzzzzzzzzzzzzzzzzzzzzzzzz_220224/azzzzz_220224.az 22.02.2024 3Mb
file: /azzzzzzzzzzzzzzzzzzzzzzzzzzzzzzzzzzzzzzz_220224/azzzzzz_220224.az 22.02.2024 3Mb
file: /azzzzzzzzzzzzzzzzzzzzzzzzzzzzzzzzzzzzzzz_220224/azzzzzzz_220224.az 22.02.2024 3Mb
dir: /azzzzzzzzzzzzzzzzzzzzzzzzzzzzzzzzzzzzzzzz_220224 22.02.2024
file: /azzzzzzzzzzzzzzzzzzzzzzzzzzzzzzzzzzzzzzzz_220224/azzzz_220224.az 22.02.2024 3Mb
file: /azzzzzzzzzzzzzzzzzzzzzzzzzzzzzzzzzzzzzzzz_220224/azzzzz_220224.az 22.02.2024 3Mb
file: /azzzzzzzzzzzzzzzzzzzzzzzzzzzzzzzzzzzzzzzz_220224/azzzzzz_220224.az 22.02.2024 3Mb
file: /azzzzzzzzzzzzzzzzzzzzzzzzzzzzzzzzzzzzzzzz_220224/azzzzzzz_220224.az 22.02.2024 3Mb
file: /azzzzzzzzzzzzzzzzzzzzzzzzzzzzzzzzzzzzzzzz_220224/azzzzzzzz_220224.az 22.02.2024 3Mb
dir: /azzzzzzzzzzzzzzzzzzzzzzzzzzzzzzzzzzzzzzzzz_220224 22.02.2024
file: /azzzzzzzzzzzzzzzzzzzzzzzzzzzzzzzzzzzzzzzzz_220224/azzzz_220224.az 22.02.2024 3Mb
file: /azzzzzzzzzzzzzzzzzzzzzzzzzzzzzzzzzzzzzzzzz_220224/azzzzz_220224.az 22.02.2024 3Mb
file: /azzzzzzzzzzzzzzzzzzzzzzzzzzzzzzzzzzzzzzzzz_220224/azzzzzz_220224.az 22.02.2024 3Mb
file: /azzzzzzzzzzzzzzzzzzzzzzzzzzzzzzzzzzzzzzzzz_220224/azzzzzzz_220224.az 22.02.2024 3Mb
dir: /azzzzzzzzzzzzzzzzzzzzzzzzzzzzzzzzzzzzzzzzzz_220224 22.02.2024
file: /azzzzzzzzzzzzzzzzzzzzzzzzzzzzzzzzzzzzzzzzzz_220224/azzzz_220224.az 22.02.2024 3Mb
file: /azzzzzzzzzzzzzzzzzzzzzzzzzzzzzzzzzzzzzzzzzz_220224/azzzzz_220224.az 22.02.2024 3Mb
dir: /home/natulik/Linux/DO4_LinuxMonitoring_v2.0-1/.git/objects/e5/azzzz_220224 22.02.2024
dir: /home/natulik/Linux/DO4_LinuxMonitoring_v2.0-1/src/04/nginx_logs/azzzz_220224 22.02.2024
dir: /home/natulik/Projects/100%/s21_SmartCalc_v1.0-main/s21_SmartCalc_v1.0-main/misc/azzzz_220224 22.02.2024
dir: /home/natulik/Projects/azzzz_220224 22.02.2024
dir: /home/natulik/Linux/DO4_LinuxMonitoring_v2.0-1/.git/objects/f4/azzzz_220224 22.02.2024
dir: /home/natulik/Projects/azzzz_220224 22.02.2024
dir: /home/natulik/Projects/100%/s21_SmartCalc_v1.0-main/azzzz_220224 22.02.2024
dir: /home/natulik/Projects/100%/smart_calc-develop/smart_calc-develop/src/doc/azzzz_220224 22.02.2024
dir: /home/natulik/Projects/100%/s21_SmartCalc_v1.0-main/s21_SmartCalc_v1.0-main/code-samples/azzzz_220224 22.02.2024
dir: /home/natulik/Linux/src/azzzz_220224 22.02.2024
dir: /home/natulik/ProyectoQt/azzzz_220224 22.02.2024
dir: /home/natulik/Projects/SmartCalc_v1.0-main/misc/rus/images/azzzz_220224 22.02.2024
dir: /home/natulik/Projects/100%/smart_calc-develop/smart_calc-develop/src/front_build/QCustomPlot/lib/CMakeFiles/azzzz_220224 22.02.2024
dir: /home/natulik/Linux/DO4_LinuxMonitoring_v2.0-1/src/01/azzz_220224/azzzz_220224 22.02.2024
dir: /home/natulik/.vscode-server/data/User/History/4e2b6225/azzzzz_220224 22.02.2024
file: /home/natulik/.vscode-server/data/User/History/4e2b6225/azzzzz_220224/azzzz_220224.az 22.02.2024 3Mb
file: /home/natulik/.vscode-server/data/User/History/4e2b6225/azzzzz_220224/azzzzz_220224.az 22.02.2024 3Mb
file: /home/natulik/.vscode-server/data/User/History/4e2b6225/azzzzz_220224/azzzzzz_220224.az 22.02.2024 3Mb
file: /home/natulik/.vscode-server/data/User/History/4e2b6225/azzzzz_220224/azzzzzzz_220224.az 22.02.2024 3Mb
file: /home/natulik/.vscode-server/data/User/History/4e2b6225/azzzzz_220224/azzzzzzzz_220224.az 22.02.2024 3Mb
file: /home/natulik/.vscode-server/data/User/History/4e2b6225/azzzzz_220224/azzzzzzzzz_220224.az 22.02.2024 3Mb
dir: /home/natulik/Linux/src/07/screenshots/azzzz_220224 22.02.2024
dir: /home/natulik/Linux/DO4_LinuxMonitoring_v2.0-1/.git/objects/bf/azzzz_220224 22.02.2024
dir: /home/natulik/.vscode-server/data/User/History/-1483a42a/azzzz_220224 22.02.2024
file: /home/natulik/.vscode-server/data/User/History/-1483a42a/azzzz_220224/azzzz_220224.az 22.02.2024 3Mb
file: /home/natulik/.vscode-server/data/User/History/-1483a42a/azzzz_220224/azzzzz_220224.az 22.02.2024 3Mb
file: /home/natulik/.vscode-server/data/User/History/-1483a42a/azzzz_220224/azzzzzz_220224.az 22.02.2024 3Mb
file: /home/natulik/.vscode-server/data/User/History/-1483a42a/azzzz_220224/azzzzzzz_220224.az 22.02.2024 3Mb
dir: /home/natulik/Projects/100%/smart_calc-develop/smart_calc-develop/src/front_build/CMakeFiles/3.22.1/CompilerIdCXX/azzzz_220224 22.02.2024
dir: /home/natulik/Linux/src/08/screenshots/azzzz_220224 22.02.2024
dir: /home/natulik/.vscode-server/data/User/History/4ea8c98d/azzzz_220224 22.02.2024
file: /home/natulik/.vscode-server/data/User/History/4ea8c98d/azzzz_220224/azzzz_220224.az 22.02.2024 3Mb
file: /home/natulik/.vscode-server/data/User/History/4ea8c98d/azzzz_220224/azzzzz_220224.az 22.02.2024 3Mb
dir: /home/natulik/Projects/100%/smart_calc-develop/smart_calc-develop/src/front_qt/build/output/amd64/Release/azzzz_220224 22.02.2024
dir: /home/natulik/Linux/DO4_LinuxMonitoring_v2.0-1/.git/objects/f9/azzzz_220224 22.02.2024
dir: /home/natulik/Linux/DO4_LinuxMonitoring_v2.0-1/.git/info/azzzz_220224 22.02.2024
dir: /home/natulik/Projects/SmartCalc_v1.0-main/misc/rus/azzzz_220224 22.02.2024
dir: /home/natulik/Linux/DO4_LinuxMonitoring_v2.0-1/.git/objects/f4/azzzz_220224 22.02.2024
dir: /home/natulik/Linux/DO4_LinuxMonitoring_v2.0-1/.git/objects/25/azzzz_220224 22.02.2024
dir: /home/natulik/Projects/100%/smart_calc-develop/smart_calc-develop/src/azzzz_220224 22.02.2024
dir: /home/natulik/Linux/DO4_LinuxMonitoring_v2.0-1/.git/objects/c0/azzzz_220224 22.02.2024
dir: /home/natulik/Projects/SmartCalc_v1.0-main/src/tests/azzzz_220224 22.02.2024
dir: /home/natulik/.vscode-server/data/User/History/-76419856/azzzz_220224 22.02.2024
file: /home/natulik/.vscode-server/data/User/History/-76419856/azzzz_220224/azzzz_220224.az 22.02.2024 3Mb
file: /home/natulik/.vscode-server/data/User/History/-76419856/azzzz_220224/azzzzz_220224.az 22.02.2024 3Mb
file: /home/natulik/.vscode-server/data/User/History/-76419856/azzzz_220224/azzzzzz_220224.az 22.02.2024 3Mb
file: /home/natulik/.vscode-server/data/User/History/-76419856/azzzz_220224/azzzzzzz_220224.az 22.02.2024 3Mb
file: /home/natulik/.vscode-server/data/User/History/-76419856/azzzz_220224/azzzzzzzz_220224.az 22.02.2024 3Mb
file: /home/natulik/.vscode-server/data/User/History/-76419856/azzzz_220224/azzzzzzzzz_220224.az 22.02.2024 3Mb
dir: /home/natulik/Linux/DO4_LinuxMonitoring_v2.0-1/src/01/azzzzz_220224/azzzz_220224 22.02.2024
dir: /home/natulik/Linux/DO5_SimpleDocker-1-develop/DO5_SimpleDocker-1-develop/azzzz_220224 22.02.2024
dir: /home/natulik/Linux/DO4_LinuxMonitoring_v2.0-1/.git/refs/remotes/origin/azzzz_220224 22.02.2024
dir: /home/natulik/Linux/DO5_SimpleDocker-1-develop/DO5_SimpleDocker-1-develop/src/06/azzzz_220224 22.02.2024
dir: /home/natulik/Проверка/azzzz_220224 22.02.2024
dir: /home/natulik/Linux/DO4_LinuxMonitoring_v2.0-1/src/09/azzzz_220224 22.02.2024
dir: /home/natulik/Проверка/azzzz_220224 22.02.2024
dir: /home/natulik/Projects/100%/smart_calc-develop/smart_calc-develop/src/front_build/QCustomPlot/lib/azzzz_220224 22.02.2024
dir: /home/natulik/Projects/100%/SmartCalc_v1.0-develop/SmartCalc_v1.0-develop/src/LOGIC/azzzz_220224 22.02.2024
dir: /home/natulik/.vscode-server/data/CachedProfilesData/__default__profile__/azzzz_220224 22.02.2024
file: /home/natulik/.vscode-server/data/CachedProfilesData/__default__profile__/azzzz_220224/azzzz_220224.az 22.02.2024 3Mb
file: /home/natulik/.vscode-server/data/CachedProfilesData/__default__profile__/azzzz_220224/azzzzz_220224.az 22.02.2024 3Mb
file: /home/natulik/.vscode-server/data/CachedProfilesData/__default__profile__/azzzz_220224/azzzzzz_220224.az 22.02.2024 3Mb
file: /home/natulik/.vscode-server/data/CachedProfilesData/__default__profile__/azzzz_220224/azzzzzzz_220224.az 22.02.2024 3Mb
file: /home/natulik/.vscode-server/data/CachedProfilesData/__default__profile__/azzzz_220224/azzzzzzzz_220224.az 22.02.2024 3Mb
file: /home/natulik/.vscode-server/data/CachedProfilesData/__default__profile__/azzzz_220224/azzzzzzzzz_220224.az 22.02.2024 3Mb
dir: /home/natulik/Projects/100%/smart_calc-develop/smart_calc-develop/src/front_build/QCustomPlot/azzzz_220224 22.02.2024
dir: /home/natulik/Linux/DO4_LinuxMonitoring_v2.0-1/src/01/azzzzz_220224/azzzz_220224 22.02.2024
dir: /home/natulik/Linux/DO4_LinuxMonitoring_v2.0-1/src/01/azzzzzzz_220224 22.02.2024
dir: /home/natulik/Linux/DO4_LinuxMonitoring_v2.0-1/.git/azzzz_220224 22.02.2024
dir: /home/natulik/Linux/DO4_LinuxMonitoring_v2.0-1/.git/objects/0e/azzzz_220224 22.02.2024
dir: /home/natulik/Projects/100%/smart_calc-develop/smart_calc-develop/src/front_build/QCustomPlot/lib/CMakeFiles/qcustomplot.dir/azzzz_220224 22.02.2024
dir: /home/natulik/Linux/DO4_LinuxMonitoring_v2.0-1/.git/objects/a2/azzzz_220224 22.02.2024
dir: /home/natulik/Linux/src/07/screenshots/azzzz_220224 22.02.2024
dir: /home/natulik/Linux/DO5_SimpleDocker-1-develop/DO5_SimpleDocker-1-develop/data-samples/azzzz_220224 22.02.2024
dir: /home/natulik/Projects/SmartCalc_v1.0-main/misc/eng/azzzz_220224 22.02.2024
dir: /home/natulik/Projects/100%/smart_calc-develop/smart_calc-develop/src/front_qt/build/output/amd64/azzzz_220224 22.02.2024
dir: /home/natulik/Linux/DO4_LinuxMonitoring_v2.0-1/.git/objects/b9/azzzz_220224 22.02.2024
dir: /home/natulik/Projects/100%/smart_calc-develop/smart_calc-develop/src/front_qt/build/azzzz_220224 22.02.2024
dir: /home/natulik/Linux/DO4_LinuxMonitoring_v2.0-1/.git/refs/azzzz_220224 22.02.2024
dir: /home/natulik/Linux/DO4_LinuxMonitoring_v2.0-1/.git/objects/e2/azzzz_220224 22.02.2024
dir: /home/natulik/Projects/SmartCalc_v1.0-main/src/Calculator/CMakeFiles/3.22.1/CompilerIdC/azzzz_220224 22.02.2024
